1496495599305	geckodriver	INFO	Listening on 127.0.0.1:21170
1496495601369	geckodriver::marionette	INFO	Starting browser \\?\D:\Program Files (x86)\Mozilla Firefox\firefox.exe with args ["-marionette"]
1496495602796	addons.manager	ERROR	startup failed: [Exception... "Component returned failure code: 0x80070057 (NS_ERROR_ILLEGAL_VALUE) [nsIFile.create]"  nsresult: "0x80070057 (NS_ERROR_ILLEGAL_VALUE)"  location: "JS frame :: resource://gre/modules/FileUtils.jsm :: FileUtils_getDir :: line 70"  data: no] Stack trace: FileUtils_getDir()@resource://gre/modules/FileUtils.jsm:70 < FileUtils_getFile()@resource://gre/modules/FileUtils.jsm:42 < validateBlocklist()@resource://gre/modules/AddonManager.jsm:671 < startup()@resource://gre/modules/AddonManager.jsm:834 < startup()@resource://gre/modules/AddonManager.jsm:3129 < observe()@resource://gre/components/addonManager.js:65
JavaScript error: resource://gre/modules/AddonManager.jsm, line 1657: NS_ERROR_NOT_INITIALIZED: AddonManager is not initialized
1496495605711	Marionette	INFO	Listening on port 21177
JavaScript error: resource://gre/modules/AddonManager.jsm, line 2570: NS_ERROR_NOT_INITIALIZED: AddonManager is not initialized
1496495606631	Marionette	WARN	TLS certificate errors will be ignored for this session
r: resource://gre/modules/AddonManager.jsm, line 2570: NS_ERROR_NOT_INITIALIZED: AddonManager is not initialized
1496226737268	Marionette	WARN	TLS certificate errors will be ignored for this session
OT_FOUND: Component returned failure code: 0x80520012 (NS_ERROR_FILE_NOT_FOUND) [nsIJumpListShortcut.app]
nt returned failure code: 0x80520012 (NS_ERROR_FILE_NOT_FOUND) [nsIJumpListShortcut.app]
JavaScript error: resource://app/modules/WindowsJumpLists.jsm, line 403: NS_ERROR_FILE_NOT_FOUND: Component returned failure code: 0x80520012 (NS_ERROR_FILE_NOT_FOUND) [nsIJumpListShortcut.app]
JavaScript error: resource://app/modules/WindowsJumpLists.jsm, line 403: NS_ERROR_FILE_NOT_FOUND: Component returned failure code: 0x80520012 (NS_ERROR_FILE_NOT_FOUND) [nsIJumpListShortcut.app]
JavaScript error: resource://app/modules/WindowsJumpLists.jsm, line 403: NS_ERROR_FILE_NOT_FOUND: Component returned failure code: 0x80520012 (NS_ERROR_FILE_NOT_FOUND) [nsIJumpListShortcut.app]
JavaScript error: resource://gre/modules/AddonManager.jsm, line 1416: NS_ERROR_NOT_INITIALIZED: AddonManager is not initialized
JavaScript error: resource://app/modules/WindowsJumpLists.jsm, line 403: NS_ERROR_FILE_NOT_FOUND: Component returned failure code: 0x80520012 (NS_ERROR_FILE_NOT_FOUND) [nsIJumpListShortcut.app]
JavaScript error: resource://gre/modules/FileUtils.jsm, line 70: NS_ERROR_ILLEGAL_VALUE: Component returned failure code: 0x80070057 (NS_ERROR_ILLEGAL_VALUE) [nsIFile.create]
JavaScript error: resource://app/modules/WindowsJumpLists.jsm, line 403: NS_ERROR_FILE_NOT_FOUND: Component returned failure code: 0x80520012 (NS_ERROR_FILE_NOT_FOUND) [nsIJumpListShortcut.app]
JavaScript error: resource://app/modules/WindowsJumpLists.jsm, line 403: NS_ERROR_FILE_NOT_FOUND: Component returned failure code: 0x80520012 (NS_ERROR_FILE_NOT_FOUND) [nsIJumpListShortcut.app]
JavaScript error: resource://app/modules/WindowsJumpLists.jsm, line 403: NS_ERROR_FILE_NOT_FOUND: Component returned failure code: 0x80520012 (NS_ERROR_FILE_NOT_FOUND) [nsIJumpListShortcut.app]
JavaScript error: resource://app/modules/WindowsJumpLists.jsm, line 403: NS_ERROR_FILE_NOT_FOUND: Component returned failure code: 0x80520012 (NS_ERROR_FILE_NOT_FOUND) [nsIJumpListShortcut.app]
urned failure code: 0x80520012 (NS_ERROR_FILE_NOT_FOUND) [nsIJumpListShortcut.app]
LE_NOT_FOUND: Component returned failure code: 0x80520012 (NS_ERROR_FILE_NOT_FOUND) [nsIJumpListShortcut.app]
JavaScript error: resource://app/modules/WindowsJumpLists.jsm, line 403: NS_ERROR_FILE_NOT_FOUND: Component returned failure code: 0x80520012 (NS_ERROR_FILE_NOT_FOUND) [nsIJumpListShortcut.app]
JavaScript error: resource://app/modules/WindowsJumpLists.jsm, line 403: NS_ERROR_FILE_NOT_FOUND: Component returned failure code: 0x80520012 (NS_ERROR_FILE_NOT_FOUND) [nsIJumpListShortcut.app]
JavaScript error: resource://app/modules/WindowsJumpLists.jsm, line 403: NS_ERROR_FILE_NOT_FOUND: Component returned failure code: 0x80520012 (NS_ERROR_FILE_NOT_FOUND) [nsIJumpListShortcut.app]
JavaScript error: resource://app/modules/WindowsJumpLists.jsm, line 403: NS_ERROR_FILE_NOT_FOUND: Component returned failure code: 0x80520012 (NS_ERROR_FILE_NOT_FOUND) [nsIJumpListShortcut.app]
JavaScript error: resource://app/modules/WindowsJumpLists.jsm, line 403: NS_ERROR_FILE_NOT_FOUND: Component returned failure code: 0x80520012 (NS_ERROR_FILE_NOT_FOUND) [nsIJumpListShortcut.app]
JavaScript error: resource://app/modules/WindowsJumpLists.jsm, line 403: NS_ERROR_FILE_NOT_FOUND: Component returned failure code: 0x80520012 (NS_ERROR_FILE_NOT_FOUND) [nsIJumpListShortcut.app]
JavaScript error: resource://app/modules/WindowsJumpLists.jsm, line 403: NS_ERROR_FILE_NOT_FOUND: Component returned failure code: 0x80520012 (NS_ERROR_FILE_NOT_FOUND) [nsIJumpListShortcut.app]
JavaScript error: resource://app/modules/WindowsJumpLists.jsm, line 403: NS_ERROR_FILE_NOT_FOUND: Component returned failure code: 0x80520012 (NS_ERROR_FILE_NOT_FOUND) [nsIJumpListShortcut.app]
JavaScript error: resource://app/modules/WindowsJumpLists.jsm, line 403: NS_ERROR_FILE_NOT_FOUND: Component returned failure code: 0x80520012 (NS_ERROR_FILE_NOT_FOUND) [nsIJumpListShortcut.app]
JavaScript error: resource://app/modules/WindowsJumpLists.jsm, line 403: NS_ERROR_FILE_NOT_FOUND: Component returned failure code: 0x80520012 (NS_ERROR_FILE_NOT_FOUND) [nsIJumpListShortcut.app]
JavaScript error: resource://app/modules/WindowsJumpLists.jsm, line 403: NS_ERROR_FILE_NOT_FOUND: Component returned failure code: 0x80520012 (NS_ERROR_FILE_NOT_FOUND) [nsIJumpListShortcut.app]
JavaScript error: resource://app/modules/WindowsJumpLists.jsm, line 403: NS_ERROR_FILE_NOT_FOUND: Component returned failure code: 0x80520012 (NS_ERROR_FILE_NOT_FOUND) [nsIJumpListShortcut.app]
JavaScript error: resource://app/modules/WindowsJumpLists.jsm, line 403: NS_ERROR_FILE_NOT_FOUND: Component returned failure code: 0x80520012 (NS_ERROR_FILE_NOT_FOUND) [nsIJumpListShortcut.app]
JavaScript error: resource://app/modules/WindowsJumpLists.jsm, line 403: NS_ERROR_FILE_NOT_FOUND: Component returned failure code: 0x80520012 (NS_ERROR_FILE_NOT_FOUND) [nsIJumpListShortcut.app]
JavaScript error: resource://app/modules/WindowsJumpLists.jsm, line 403: NS_ERROR_FILE_NOT_FOUND: Component returned failure code: 0x80520012 (NS_ERROR_FILE_NOT_FOUND) [nsIJumpListShortcut.app]
JavaScript error: resource://app/modules/WindowsJumpLists.jsm, line 403: NS_ERROR_FILE_NOT_FOUND: Component returned failure code: 0x80520012 (NS_ERROR_FILE_NOT_FOUND) [nsIJumpListShortcut.app]
JavaScript error: resource://app/modules/WindowsJumpLists.jsm, line 403: NS_ERROR_FILE_NOT_FOUND: Component returned failure code: 0x80520012 (NS_ERROR_FILE_NOT_FOUND) [nsIJumpListShortcut.app]
JavaScript error: resource://app/modules/WindowsJumpLists.jsm, line 403: NS_ERROR_FILE_NOT_FOUND: Component returned failure code: 0x80520012 (NS_ERROR_FILE_NOT_FOUND) [nsIJumpListShortcut.app]
JavaScript error: resource://app/modules/WindowsJumpLists.jsm, line 403: NS_ERROR_FILE_NOT_FOUND: Component returned failure code: 0x80520012 (NS_ERROR_FILE_NOT_FOUND) [nsIJumpListShortcut.app]
JavaScript error: resource://app/modules/WindowsJumpLists.jsm, line 403: NS_ERROR_FILE_NOT_FOUND: Component returned failure code: 0x80520012 (NS_ERROR_FILE_NOT_FOUND) [nsIJumpListShortcut.app]
JavaScript error: resource://app/modules/WindowsJumpLists.jsm, line 403: NS_ERROR_FILE_NOT_FOUND: Component returned failure code: 0x80520012 (NS_ERROR_FILE_NOT_FOUND) [nsIJumpListShortcut.app]
JavaScript error: resource://app/modules/WindowsJumpLists.jsm, line 403: NS_ERROR_FILE_NOT_FOUND: Component returned failure code: 0x80520012 (NS_ERROR_FILE_NOT_FOUND) [nsIJumpListShortcut.app]
JavaScript error: resource://app/modules/WindowsJumpLists.jsm, line 403: NS_ERROR_FILE_NOT_FOUND: Component returned failure code: 0x80520012 (NS_ERROR_FILE_NOT_FOUND) [nsIJumpListShortcut.app]
JavaScript error: resource://app/modules/WindowsJumpLists.jsm, line 403: NS_ERROR_FILE_NOT_FOUND: Component returned failure code: 0x80520012 (NS_ERROR_FILE_NOT_FOUND) [nsIJumpListShortcut.app]
JavaScript error: resource://app/modules/WindowsJumpLists.jsm, line 403: NS_ERROR_FILE_NOT_FOUND: Component returned failure code: 0x80520012 (NS_ERROR_FILE_NOT_FOUND) [nsIJumpListShortcut.app]
JavaScript error: resource://app/modules/WindowsJumpLists.jsm, line 403: NS_ERROR_FILE_NOT_FOUND: Component returned failure code: 0x80520012 (NS_ERROR_FILE_NOT_FOUND) [nsIJumpListShortcut.app]
JavaScript error: resource://app/modules/WindowsJumpLists.jsm, line 403: NS_ERROR_FILE_NOT_FOUND: Component returned failure code: 0x80520012 (NS_ERROR_FILE_NOT_FOUND) [nsIJumpListShortcut.app]
JavaScript warning: http://js.51jobcdn.com/in/js/2009/jQuery.js?20170420, line 19: unreachable code after return statement
JavaScript warning: http://js.51jobcdn.com/in/js/2009/jQuery.js?20170420, line 19: unreachable code after return statement
JavaScript warning: http://js.51jobcdn.com/in/js/2009/jQuery.js?20170420, line 19: unreachable code after return statement
JavaScript error: resource://app/modules/WindowsJumpLists.jsm, line 403: NS_ERROR_FILE_NOT_FOUND: Component returned failure code: 0x80520012 (NS_ERROR_FILE_NOT_FOUND) [nsIJumpListShortcut.app]
JavaScript error: resource://app/modules/WindowsJumpLists.jsm, line 403: NS_ERROR_FILE_NOT_FOUND: Component returned failure code: 0x80520012 (NS_ERROR_FILE_NOT_FOUND) [nsIJumpListShortcut.app]
t.app]
JavaScript error: resource://app/modules/WindowsJumpLists.jsm, line 403: NS_ERROR_FILE_NOT_FOUND: Component returned failure code: 0x80520012 (NS_ERROR_FILE_NOT_FOUND) [nsIJumpListShortcut.app]
JavaScript error: resource://app/modules/WindowsJumpLists.jsm, line 403: NS_ERROR_FILE_NOT_FOUND: Component returned failure code: 0x80520012 (NS_ERROR_FILE_NOT_FOUND) [nsIJumpListShortcut.app]
JavaScript error: resource://app/modules/WindowsJumpLists.jsm, line 403: NS_ERROR_FILE_NOT_FOUND: Component returned failure code: 0x80520012 (NS_ERROR_FILE_NOT_FOUND) [nsIJumpListShortcut.app]
JavaScript error: resource://app/modules/WindowsJumpLists.jsm, line 403: NS_ERROR_FILE_NOT_FOUND: Component returned failure code: 0x80520012 (NS_ERROR_FILE_NOT_FOUND) [nsIJumpListShortcut.app]
JavaScript error: resource://app/modules/WindowsJumpLists.jsm, line 403: NS_ERROR_FILE_NOT_FOUND: Component returned failure code: 0x80520012 (NS_ERROR_FILE_NOT_FOUND) [nsIJumpListShortcut.app]
JavaScript error: resource://app/modules/WindowsJumpLists.jsm, line 403: NS_ERROR_FILE_NOT_FOUND: Component returned failure code: 0x80520012 (NS_ERROR_FILE_NOT_FOUND) [nsIJumpListShortcut.app]
JavaScript error: resource://app/modules/WindowsJumpLists.jsm, line 403: NS_ERROR_FILE_NOT_FOUND: Component returned failure code: 0x80520012 (NS_ERROR_FILE_NOT_FOUND) [nsIJumpListShortcut.app]
JavaScript error: resource://app/modules/WindowsJumpLists.jsm, line 403: NS_ERROR_FILE_NOT_FOUND: Component returned failure code: 0x80520012 (NS_ERROR_FILE_NOT_FOUND) [nsIJumpListShortcut.app]
JavaScript error: resource://app/modules/WindowsJumpLists.jsm, line 403: NS_ERROR_FILE_NOT_FOUND: Component returned failure code: 0x80520012 (NS_ERROR_FILE_NOT_FOUND) [nsIJumpListShortcut.app]
JavaScript error: resource://app/modules/WindowsJumpLists.jsm, line 403: NS_ERROR_FILE_NOT_FOUND: Component returned failure code: 0x80520012 (NS_ERROR_FILE_NOT_FOUND) [nsIJumpListShortcut.app]
JavaScript error: resource://app/modules/WindowsJumpLists.jsm, line 403: NS_ERROR_FILE_NOT_FOUND: Component returned failure code: 0x80520012 (NS_ERROR_FILE_NOT_FOUND) [nsIJumpListShortcut.app]
JavaScript error: resource://app/modules/WindowsJumpLists.jsm, line 403: NS_ERROR_FILE_NOT_FOUND: Component returned failure code: 0x80520012 (NS_ERROR_FILE_NOT_FOUND) [nsIJumpListShortcut.app]
JavaScript error: resource://app/modules/WindowsJumpLists.jsm, line 403: NS_ERROR_FILE_NOT_FOUND: Component returned failure code: 0x80520012 (NS_ERROR_FILE_NOT_FOUND) [nsIJumpListShortcut.app]
JavaScript error: resource://app/modules/WindowsJumpLists.jsm, line 403: NS_ERROR_FILE_NOT_FOUND: Component returned failure code: 0x80520012 (NS_ERROR_FILE_NOT_FOUND) [nsIJumpListShortcut.app]
JavaScript error: resource://app/modules/WindowsJumpLists.jsm, line 403: NS_ERROR_FILE_NOT_FOUND: Component returned failure code: 0x80520012 (NS_ERROR_FILE_NOT_FOUND) [nsIJumpListShortcut.app]
JavaScript error: resource://app/modules/WindowsJumpLists.jsm, line 403: NS_ERROR_FILE_NOT_FOUND: Component returned failure code: 0x80520012 (NS_ERROR_FILE_NOT_FOUND) [nsIJumpListShortcut.app]
JavaScript error: resource://app/modules/WindowsJumpLists.jsm, line 403: NS_ERROR_FILE_NOT_FOUND: Component returned failure code: 0x80520012 (NS_ERROR_FILE_NOT_FOUND) [nsIJumpListShortcut.app]
JavaScript error: resource://app/modules/WindowsJumpLists.jsm, line 403: NS_ERROR_FILE_NOT_FOUND: Component returned failure code: 0x80520012 (NS_ERROR_FILE_NOT_FOUND) [nsIJumpListShortcut.app]
JavaScript error: resource://app/modules/WindowsJumpLists.jsm, line 403: NS_ERROR_FILE_NOT_FOUND: Component returned failure code: 0x80520012 (NS_ERROR_FILE_NOT_FOUND) [nsIJumpListShortcut.app]
JavaScript error: resource://app/modules/WindowsJumpLists.jsm, line 403: NS_ERROR_FILE_NOT_FOUND: Component returned failure code: 0x80520012 (NS_ERROR_FILE_NOT_FOUND) [nsIJumpListShortcut.app]
JavaScript error: resource://app/modules/WindowsJumpLists.jsm, line 403: NS_ERROR_FILE_NOT_FOUND: Component returned failure code: 0x80520012 (NS_ERROR_FILE_NOT_FOUND) [nsIJumpListShortcut.app]
JavaScript error: resource://app/modules/WindowsJumpLists.jsm, line 403: NS_ERROR_FILE_NOT_FOUND: Component returned failure code: 0x80520012 (NS_ERROR_FILE_NOT_FOUND) [nsIJumpListShortcut.app]
JavaScript error: resource://app/modules/WindowsJumpLists.jsm, line 403: NS_ERROR_FILE_NOT_FOUND: Component returned failure code: 0x80520012 (NS_ERROR_FILE_NOT_FOUND) [nsIJumpListShortcut.app]
JavaScript error: resource://app/modules/WindowsJumpLists.jsm, line 403: NS_ERROR_FILE_NOT_FOUND: Component returned failure code: 0x80520012 (NS_ERROR_FILE_NOT_FOUND) [nsIJumpListShortcut.app]
JavaScript error: resource://app/modules/WindowsJumpLists.jsm, line 403: NS_ERROR_FILE_NOT_FOUND: Component returned failure code: 0x80520012 (NS_ERROR_FILE_NOT_FOUND) [nsIJumpListShortcut.app]
